#
# A fatal error has been detected by the Java Runtime Environment:
#
#  EXCEPTION_ACCESS_VIOLATION (0xc0000005) at pc=0x0000000064ac1754, pid=6908, tid=3832
#
# JRE version: Java(TM) SE Runtime Environment (8.0-b129) (build 1.8.0-b129)
# Java VM: Java HotSpot(TM) 64-Bit Server VM (25.0-b69 mixed mode windows-amd64 compressed oops)
# Problematic frame:
# V  [jvm.dll+0x131754]
#
# Failed to write core dump. Minidumps are not enabled by default on client versions of Windows
#
# If you would like to submit a bug report, please visit:
#   http://bugreport.sun.com/bugreport/crash.jsp
#

---------------  T H R E A D  ---------------

Current thread (0x0000000016b13800):  JavaThread "Thread-1" [_thread_in_vm, id=3832, stack(0x0000000018390000,0x0000000018490000)]

siginfo: ExceptionCode=0xc0000005, reading address 0x0000000000000000

Registers:
RAX=0x0000000000000000, RBX=0x0000000016b13800, RCX=0x0000000000000380, RDX=0x0000000000000000
RSP=0x000000001848f020, RBP=0x000000001848f138, RSI=0x0000000000000000, RDI=0x0000000000000000
R8 =0x0000000000000000, R9 =0x00000000eb25b310, R10=0x0000000000000010, R11=0x0000000065139230
R12=0x0000000000000000, R13=0x0000000000000000, R14=0x000000001848f160, R15=0x0000000016b13800
RIP=0x0000000064ac1754, EFLAGS=0x0000000000010202

Top of Stack: (sp=0x000000001848f020)
0x000000001848f020:   0000000014d19990 0000000016b13800
0x000000001848f030:   0000000016b13800 0000000000000000
0x000000001848f040:   0000000016b13800 0000000000000000
0x000000001848f050:   000000001848f160 0000000014d18c10
0x000000001848f060:   0000000180000000 0000000016b139e0
0x000000001848f070:   00000000650d37b0 0000000180001b1d
0x000000001848f080:   000000001848f138 0000000000000001
0x000000001848f090:   000000001848f138 0000000016b13800
0x000000001848f0a0:   0000000014d18c10 0000000000000000
0x000000001848f0b0:   00000000029372b0 00000000029451ae
0x000000001848f0c0:   000000001848f138 0000000014d18c10
0x000000001848f0d0:   0000000000200021 0000000014d18c10
0x000000001848f0e0:   0000000000200021 0000000016b13800
0x000000001848f0f0:   0000000002944edc 000000001848f0f8
0x000000001848f100:   0000000014d18c10 000000001848f160
0x000000001848f110:   0000000014d19e68 0000000000000000 

Instructions: (pc=0x0000000064ac1754)
0x0000000064ac1734:   89 5c 24 20 48 89 74 24 28 48 39 73 08 74 0a 48
0x0000000064ac1744:   8d 4c 24 20 e8 33 a8 12 00 40 38 35 a4 6b 67 00
0x0000000064ac1754:   48 8b 3f 48 63 05 7a e8 65 00 74 1b 8b 0c 38 85
0x0000000064ac1764:   c9 74 77 8b c1 8b 0d d9 1a 61 00 48 d3 e0 48 03 


Register to memory mapping:

RAX=0x0000000000000000 is an unknown value
RBX=0x0000000016b13800 is a thread
RCX=0x0000000000000380 is an unknown value
RDX=0x0000000000000000 is an unknown value
RSP=0x000000001848f020 is pointing into the stack for thread: 0x0000000016b13800
RBP=0x000000001848f138 is pointing into the stack for thread: 0x0000000016b13800
RSI=0x0000000000000000 is an unknown value
RDI=0x0000000000000000 is an unknown value
R8 =0x0000000000000000 is an unknown value
R9 =0x00000000eb25b310 is an oop
jpcap.JpcapCaptor 
 - klass: 'jpcap/JpcapCaptor'
R10=0x0000000000000010 is an unknown value
R11=0x0000000065139230 is an unknown value
R12=0x0000000000000000 is an unknown value
R13=0x0000000000000000 is an unknown value
R14=0x000000001848f160 is pointing into the stack for thread: 0x0000000016b13800
R15=0x0000000016b13800 is a thread


Stack: [0x0000000018390000,0x0000000018490000],  sp=0x000000001848f020,  free space=1020k
Native frames: (J=compiled Java code, j=interpreted, Vv=VM code, C=native code)
V  [jvm.dll+0x131754]
C  [jpcap.dll+0x1b1d]
C  0x00000000029451ae

Java frames: (J=compiled Java code, j=interpreted, Vv=VM code)
j  jpcap.JpcapCaptor.nativeOpenOffline(Ljava/lang/String;)Ljava/lang/String;+0
j  jpcap.JpcapCaptor.openFile(Ljava/lang/String;)Ljpcap/JpcapCaptor;+10
j  networkmonitor.PacketMonitoringThread.run()V+95
v  ~StubRoutines::call_stub

---------------  P R O C E S S  ---------------

Java Threads: ( => current thread )
  0x0000000016b00000 JavaThread "TimerQueue" daemon [_thread_blocked, id=7064, stack(0x0000000018490000,0x0000000018590000)]
=>0x0000000016b13800 JavaThread "Thread-1" [_thread_in_vm, id=3832, stack(0x0000000018390000,0x0000000018490000)]
  0x0000000002830800 JavaThread "DestroyJavaVM" [_thread_blocked, id=5464, stack(0x00000000026d0000,0x00000000027d0000)]
  0x0000000016aa7800 JavaThread "AWT-EventQueue-0" [_thread_in_vm, id=5784, stack(0x0000000017a90000,0x0000000017b90000)]
  0x0000000016a52800 JavaThread "AWT-Windows" daemon [_thread_in_native, id=4104, stack(0x0000000017580000,0x0000000017680000)]
  0x0000000016a51800 JavaThread "AWT-Shutdown" [_thread_blocked, id=5640, stack(0x0000000017480000,0x0000000017580000)]
  0x0000000016a51000 JavaThread "Java2D Disposer" daemon [_thread_blocked, id=5856, stack(0x0000000017380000,0x0000000017480000)]
  0x0000000014f9e000 JavaThread "Service Thread" daemon [_thread_blocked, id=6288, stack(0x0000000016ba0000,0x0000000016ca0000)]
  0x0000000014f45800 JavaThread "C1 CompilerThread2" daemon [_thread_blocked, id=6360, stack(0x00000000166a0000,0x00000000167a0000)]
  0x0000000014f40800 JavaThread "C2 CompilerThread1" daemon [_thread_blocked, id=6388, stack(0x00000000165a0000,0x00000000166a0000)]
  0x0000000014f3c800 JavaThread "C2 CompilerThread0" daemon [_thread_blocked, id=6228, stack(0x00000000164a0000,0x00000000165a0000)]
  0x0000000014f3b000 JavaThread "Attach Listener" daemon [_thread_blocked, id=3908, stack(0x00000000163a0000,0x00000000164a0000)]
  0x0000000014f3a000 JavaThread "Signal Dispatcher" daemon [_thread_blocked, id=5488, stack(0x00000000162a0000,0x00000000163a0000)]
  0x0000000002923000 JavaThread "Finalizer" daemon [_thread_blocked, id=2432, stack(0x00000000161a0000,0x00000000162a0000)]
  0x000000000291a000 JavaThread "Reference Handler" daemon [_thread_blocked, id=4920, stack(0x00000000160a0000,0x00000000161a0000)]

Other Threads:
  0x0000000014f06000 VMThread [stack: 0x0000000015fa0000,0x00000000160a0000] [id=5976]
  0x00000000167cf800 WatcherThread [stack: 0x0000000016ca0000,0x0000000016da0000] [id=2572]

VM state:not at safepoint (normal execution)

VM Mutex/Monitor currently owned by a thread:  ([mutex/lock_event])
[0x00000000026cc060] AdapterHandlerLibrary_lock - owner thread: 0x0000000016aa7800

Heap:
 PSYoungGen      total 5632K, used 2120K [0x00000000eb180000, 0x00000000eb880000, 0x0000000100000000)
  eden space 4096K, 23% used [0x00000000eb180000,0x00000000eb272b60,0x00000000eb580000)
  from space 1536K, 74% used [0x00000000eb700000,0x00000000eb81f600,0x00000000eb880000)
  to   space 1536K, 0% used [0x00000000eb580000,0x00000000eb580000,0x00000000eb700000)
 ParOldGen       total 64000K, used 1484K [0x00000000c1400000, 0x00000000c5280000, 0x00000000eb180000)
  object space 64000K, 2% used [0x00000000c1400000,0x00000000c1573070,0x00000000c5280000)
 Metaspace       used 10008K, capacity 10118K, committed 10240K, reserved 1058816K
  class space    used 1180K, capacity 1237K, committed 1280K, reserved 1048576K

Card table byte_map: [0x0000000011cf0000,0x0000000011ef0000] byte_map_base: 0x00000000116e6000

Marking Bits: (ParMarkBitMap*) 0x00000000651413b0
 Begin Bits: [0x0000000012440000, 0x00000000133f0000)
 End Bits:   [0x00000000133f0000, 0x00000000143a0000)

Polling page: 0x00000000026a0000

CodeCache: size=245760Kb used=1940Kb max_used=1940Kb free=243819Kb
 bounds [0x0000000002930000, 0x0000000002ba0000, 0x0000000011930000]
 total_blobs=839 nmethods=371 adapters=382
 compilation: enabled

Compilation events (10 events):
Event: 0.774 Thread 0x0000000014f45800 nmethod 351 0x0000000002b0be10 code [0x0000000002b0bf60, 0x0000000002b0c0b0]
Event: 0.774 Thread 0x0000000014f45800  347       3       java.net.URL::<init> (8 bytes)
Event: 0.774 Thread 0x0000000014f45800 nmethod 347 0x0000000002b0c110 code [0x0000000002b0c280, 0x0000000002b0c408]
Event: 0.774 Thread 0x0000000014f45800  349       3       java.net.URLStreamHandler::setURL (40 bytes)
Event: 0.775 Thread 0x0000000014f45800 nmethod 349 0x0000000002b0c490 code [0x0000000002b0c620, 0x0000000002b0c9f8]
Event: 0.777 Thread 0x0000000014f45800  353       3       java.util.Vector::elementData (7 bytes)
Event: 0.777 Thread 0x0000000014f45800 nmethod 353 0x0000000002b0d190 code [0x0000000002b0d2e0, 0x0000000002b0d450]
Event: 0.777 Thread 0x0000000014f45800  352  s    3       java.util.Vector::elementAt (48 bytes)
Event: 0.778 Thread 0x0000000014f45800 nmethod 352 0x0000000002b0d550 code [0x0000000002b0d760, 0x0000000002b0e208]
Event: 0.781 Thread 0x0000000014f45800  355       3       java.nio.HeapByteBuffer::_get (7 bytes)

GC Heap History (10 events):
Event: 0.274 GC heap before
{Heap before GC invocations=2 (full 0):
 PSYoungGen      total 1024K, used 1008K [0x00000000eb180000, 0x00000000eb380000, 0x0000000100000000)
  eden space 512K, 100% used [0x00000000eb180000,0x00000000eb200000,0x00000000eb200000)
  from space 512K, 96% used [0x00000000eb200000,0x00000000eb27c010,0x00000000eb280000)
  to   space 512K, 0% used [0x00000000eb300000,0x00000000eb300000,0x00000000eb380000)
 ParOldGen       total 64000K, used 8K [0x00000000c1400000, 0x00000000c5280000, 0x00000000eb180000)
  object space 64000K, 0% used [0x00000000c1400000,0x00000000c1402000,0x00000000c5280000)
 Metaspace       used 3271K, capacity 4586K, committed 4864K, reserved 1056768K
  class space    used 357K, capacity 418K, committed 512K, reserved 1048576K
Event: 0.276 GC heap after
Heap after GC invocations=2 (full 0):
 PSYoungGen      total 1536K, used 496K [0x00000000eb180000, 0x00000000eb380000, 0x0000000100000000)
  eden space 1024K, 0% used [0x00000000eb180000,0x00000000eb180000,0x00000000eb280000)
  from space 512K, 96% used [0x00000000eb300000,0x00000000eb37c010,0x00000000eb380000)
  to   space 512K, 0% used [0x00000000eb280000,0x00000000eb280000,0x00000000eb300000)
 ParOldGen       total 64000K, used 104K [0x00000000c1400000, 0x00000000c5280000, 0x00000000eb180000)
  object space 64000K, 0% used [0x00000000c1400000,0x00000000c141a3b0,0x00000000c5280000)
 Metaspace       used 3271K, capacity 4586K, committed 4864K, reserved 1056768K
  class space    used 357K, capacity 418K, committed 512K, reserved 1048576K
}
Event: 0.434 GC heap before
{Heap before GC invocations=3 (full 0):
 PSYoungGen      total 1536K, used 1520K [0x00000000eb180000, 0x00000000eb380000, 0x0000000100000000)
  eden space 1024K, 100% used [0x00000000eb180000,0x00000000eb280000,0x00000000eb280000)
  from space 512K, 96% used [0x00000000eb300000,0x00000000eb37c010,0x00000000eb380000)
  to   space 512K, 0% used [0x00000000eb280000,0x00000000eb280000,0x00000000eb300000)
 ParOldGen       total 64000K, used 104K [0x00000000c1400000, 0x00000000c5280000, 0x00000000eb180000)
  object space 64000K, 0% used [0x00000000c1400000,0x00000000c141a3b0,0x00000000c5280000)
 Metaspace       used 6003K, capacity 6120K, committed 6400K, reserved 1056768K
  class space    used 690K, capacity 716K, committed 768K, reserved 1048576K
Event: 0.439 GC heap after
Heap after GC invocations=3 (full 0):
 PSYoungGen      total 1536K, used 480K [0x00000000eb180000, 0x00000000eb480000, 0x0000000100000000)
  eden space 1024K, 0% used [0x00000000eb180000,0x00000000eb180000,0x00000000eb280000)
  from space 512K, 93% used [0x00000000eb280000,0x00000000eb2f8020,0x00000000eb300000)
  to   space 512K, 0% used [0x00000000eb400000,0x00000000eb400000,0x00000000eb480000)
 ParOldGen       total 64000K, used 643K [0x00000000c1400000, 0x00000000c5280000, 0x00000000eb180000)
  object space 64000K, 1% used [0x00000000c1400000,0x00000000c14a0c70,0x00000000c5280000)
 Metaspace       used 6003K, capacity 6120K, committed 6400K, reserved 1056768K
  class space    used 690K, capacity 716K, committed 768K, reserved 1048576K
}
Event: 0.469 GC heap before
{Heap before GC invocations=4 (full 0):
 PSYoungGen      total 1536K, used 1473K [0x00000000eb180000, 0x00000000eb480000, 0x0000000100000000)
  eden space 1024K, 97% used [0x00000000eb180000,0x00000000eb278790,0x00000000eb280000)
  from space 512K, 93% used [0x00000000eb280000,0x00000000eb2f8020,0x00000000eb300000)
  to   space 512K, 0% used [0x00000000eb400000,0x00000000eb400000,0x00000000eb480000)
 ParOldGen       total 64000K, used 643K [0x00000000c1400000, 0x00000000c5280000, 0x00000000eb180000)
  object space 64000K, 1% used [0x00000000c1400000,0x00000000c14a0c70,0x00000000c5280000)
 Metaspace       used 6280K, capacity 6344K, committed 6400K, reserved 1056768K
  class space    used 715K, capacity 748K, committed 768K, reserved 1048576K
Event: 0.470 GC heap after
Heap after GC invocations=4 (full 0):
 PSYoungGen      total 2560K, used 480K [0x00000000eb180000, 0x00000000eb480000, 0x0000000100000000)
  eden space 2048K, 0% used [0x00000000eb180000,0x00000000eb180000,0x00000000eb380000)
  from space 512K, 93% used [0x00000000eb400000,0x00000000eb478020,0x00000000eb480000)
  to   space 512K, 0% used [0x00000000eb380000,0x00000000eb380000,0x00000000eb400000)
 ParOldGen       total 64000K, used 932K [0x00000000c1400000, 0x00000000c5280000, 0x00000000eb180000)
  object space 64000K, 1% used [0x00000000c1400000,0x00000000c14e9308,0x00000000c5280000)
 Metaspace       used 6280K, capacity 6344K, committed 6400K, reserved 1056768K
  class space    used 715K, capacity 748K, committed 768K, reserved 1048576K
}
Event: 0.580 GC heap before
{Heap before GC invocations=5 (full 0):
 PSYoungGen      total 2560K, used 2528K [0x00000000eb180000, 0x00000000eb480000, 0x0000000100000000)
  eden space 2048K, 100% used [0x00000000eb180000,0x00000000eb380000,0x00000000eb380000)
  from space 512K, 93% used [0x00000000eb400000,0x00000000eb478020,0x00000000eb480000)
  to   space 512K, 0% used [0x00000000eb380000,0x00000000eb380000,0x00000000eb400000)
 ParOldGen       total 64000K, used 932K [0x00000000c1400000, 0x00000000c5280000, 0x00000000eb180000)
  object space 64000K, 1% used [0x00000000c1400000,0x00000000c14e9308,0x00000000c5280000)
 Metaspace       used 7350K, capacity 7496K, committed 7552K, reserved 1056768K
  class space    used 825K, capacity 876K, committed 896K, reserved 1048576K
Event: 0.584 GC heap after
Heap after GC invocations=5 (full 0):
 PSYoungGen      total 2560K, used 496K [0x00000000eb180000, 0x00000000eb880000, 0x0000000100000000)
  eden space 2048K, 0% used [0x00000000eb180000,0x00000000eb180000,0x00000000eb380000)
  from space 512K, 96% used [0x00000000eb380000,0x00000000eb3fc010,0x00000000eb400000)
  to   space 1536K, 0% used [0x00000000eb700000,0x00000000eb700000,0x00000000eb880000)
 ParOldGen       total 64000K, used 1476K [0x00000000c1400000, 0x00000000c5280000, 0x00000000eb180000)
  object space 64000K, 2% used [0x00000000c1400000,0x00000000c1571070,0x00000000c5280000)
 Metaspace       used 7350K, capacity 7496K, committed 7552K, reserved 1056768K
  class space    used 825K, capacity 876K, committed 896K, reserved 1048576K
}
Event: 0.684 GC heap before
{Heap before GC invocations=6 (full 0):
 PSYoungGen      total 2560K, used 2544K [0x00000000eb180000, 0x00000000eb880000, 0x0000000100000000)
  eden space 2048K, 100% used [0x00000000eb180000,0x00000000eb380000,0x00000000eb380000)
  from space 512K, 96% used [0x00000000eb380000,0x00000000eb3fc010,0x00000000eb400000)
  to   space 1536K, 0% used [0x00000000eb700000,0x00000000eb700000,0x00000000eb880000)
 ParOldGen       total 64000K, used 1476K [0x00000000c1400000, 0x00000000c5280000, 0x00000000eb180000)
  object space 64000K, 2% used [0x00000000c1400000,0x00000000c1571070,0x00000000c5280000)
 Metaspace       used 8045K, capacity 8168K, committed 8448K, reserved 1056768K
  class space    used 923K, capacity 972K, committed 1024K, reserved 1048576K
Event: 0.686 GC heap after
Heap after GC invocations=6 (full 0):
 PSYoungGen      total 5632K, used 1149K [0x00000000eb180000, 0x00000000eb880000, 0x0000000100000000)
  eden space 4096K, 0% used [0x00000000eb180000,0x00000000eb180000,0x00000000eb580000)
  from space 1536K, 74% used [0x00000000eb700000,0x00000000eb81f600,0x00000000eb880000)
  to   space 1536K, 0% used [0x00000000eb580000,0x00000000eb580000,0x00000000eb700000)
 ParOldGen       total 64000K, used 1484K [0x00000000c1400000, 0x00000000c5280000, 0x00000000eb180000)
  object space 64000K, 2% used [0x00000000c1400000,0x00000000c1573070,0x00000000c5280000)
 Metaspace       used 8045K, capacity 8168K, committed 8448K, reserved 1056768K
  class space    used 923K, capacity 972K, committed 1024K, reserved 1048576K
}

Deoptimization events (0 events):
No events

Internal exceptions (10 events):
Event: 0.689 Thread 0x0000000016aa7800 Exception <a 'java/security/PrivilegedActionException'> (0x00000000eb1852d0) thrown at [D:\re\workspace\8-2-build-windows-amd64-cygwin\jdk8\1854\hotspot\src\share\vm\prims\jvm.cpp, line 1248]
Event: 0.690 Thread 0x0000000016aa7800 Exception <a 'java/security/PrivilegedActionException'> (0x00000000eb18add8) thrown at [D:\re\workspace\8-2-build-windows-amd64-cygwin\jdk8\1854\hotspot\src\share\vm\prims\jvm.cpp, line 1248]
Event: 0.690 Thread 0x0000000016aa7800 Exception <a 'java/security/PrivilegedActionException'> (0x00000000eb18dc10) thrown at [D:\re\workspace\8-2-build-windows-amd64-cygwin\jdk8\1854\hotspot\src\share\vm\prims\jvm.cpp, line 1248]
Event: 0.690 Thread 0x0000000016aa7800 Exception <a 'java/security/PrivilegedActionException'> (0x00000000eb190e30) thrown at [D:\re\workspace\8-2-build-windows-amd64-cygwin\jdk8\1854\hotspot\src\share\vm\prims\jvm.cpp, line 1248]
Event: 0.691 Thread 0x0000000016aa7800 Exception <a 'java/security/PrivilegedActionException'> (0x00000000eb1939d8) thrown at [D:\re\workspace\8-2-build-windows-amd64-cygwin\jdk8\1854\hotspot\src\share\vm\prims\jvm.cpp, line 1248]
Event: 0.693 Thread 0x0000000016aa7800 Exception <a 'java/security/PrivilegedActionException'> (0x00000000eb197fa8) thrown at [D:\re\workspace\8-2-build-windows-amd64-cygwin\jdk8\1854\hotspot\src\share\vm\prims\jvm.cpp, line 1248]
Event: 0.694 Thread 0x0000000016aa7800 Exception <a 'java/security/PrivilegedActionException'> (0x00000000eb19bc38) thrown at [D:\re\workspace\8-2-build-windows-amd64-cygwin\jdk8\1854\hotspot\src\share\vm\prims\jvm.cpp, line 1248]
Event: 0.713 Thread 0x0000000016aa7800 Exception <a 'java/security/PrivilegedActionException'> (0x00000000eb1c3698) thrown at [D:\re\workspace\8-2-build-windows-amd64-cygwin\jdk8\1854\hotspot\src\share\vm\prims\jvm.cpp, line 1248]
Event: 0.715 Thread 0x0000000016aa7800 Exception <a 'java/security/PrivilegedActionException'> (0x00000000eb1cbbb0) thrown at [D:\re\workspace\8-2-build-windows-amd64-cygwin\jdk8\1854\hotspot\src\share\vm\prims\jvm.cpp, line 1248]
Event: 0.771 Thread 0x0000000016b13800 Exception <a 'java/lang/NoSuchMethodError': setRoutingOption> (0x00000000eb259b90) thrown at [D:\re\workspace\8-2-build-windows-amd64-cygwin\jdk8\1854\hotspot\src\share\vm\prims\jni.cpp, line 1567]

Events (10 events):
Event: 0.780 loading class sun/nio/ch/Util$BufferCache done
Event: 0.780 loading class java/nio/DirectByteBuffer$Deallocator
Event: 0.780 loading class java/nio/DirectByteBuffer$Deallocator done
Event: 0.781 loading class java/nio/ByteBufferAsIntBufferB
Event: 0.781 loading class java/nio/IntBuffer
Event: 0.781 loading class java/nio/IntBuffer done
Event: 0.781 loading class java/nio/ByteBufferAsIntBufferB done
Event: 0.781 loading class sun/font/TrueTypeFont$DirectoryEntry
Event: 0.781 loading class sun/font/TrueTypeFont$DirectoryEntry done
Event: 0.781 loading class java/nio/ByteBufferAsShortBufferB


Dynamic libraries:
0x00007ff6884d0000 - 0x00007ff688504000 	C:\Program Files\Java\jdk1.8.0\bin\java.exe
0x00007ff92ee30000 - 0x00007ff92efda000 	C:\Windows\SYSTEM32\ntdll.dll
0x00007ff92d010000 - 0x00007ff92d14a000 	C:\Windows\system32\KERNEL32.DLL
0x00007ff92c310000 - 0x00007ff92c420000 	C:\Windows\system32\KERNELBASE.dll
0x00007ff92ace0000 - 0x00007ff92ad68000 	C:\Windows\system32\apphelp.dll
0x00007ff9230a0000 - 0x00007ff9230ef000 	C:\Windows\AppPatch\AppPatch64\AcGenral.DLL
0x00007ff92c8e0000 - 0x00007ff92c987000 	C:\Windows\system32\msvcrt.dll
0x00007ff92bf80000 - 0x00007ff92bfab000 	C:\Windows\SYSTEM32\SspiCli.dll
0x00007ff92cbe0000 - 0x00007ff92cc31000 	C:\Windows\system32\SHLWAPI.dll
0x00007ff92d350000 - 0x00007ff92d4c1000 	C:\Windows\system32\USER32.dll
0x00007ff92c760000 - 0x00007ff92c8d8000 	C:\Windows\system32\ole32.dll
0x00007ff92d760000 - 0x00007ff92eb77000 	C:\Windows\system32\SHELL32.dll
0x00007ff92b7b0000 - 0x00007ff92b7cf000 	C:\Windows\SYSTEM32\USERENV.dll
0x00007ff92d4d0000 - 0x00007ff92d575000 	C:\Windows\system32\ADVAPI32.dll
0x00007ff926850000 - 0x00007ff92686b000 	C:\Windows\SYSTEM32\MPR.dll
0x00007ff92d210000 - 0x00007ff92d346000 	C:\Windows\system32\RPCRT4.dll
0x00007ff92c9b0000 - 0x00007ff92ca07000 	C:\Windows\SYSTEM32\sechost.dll
0x00007ff92d580000 - 0x00007ff92d756000 	C:\Windows\SYSTEM32\combase.dll
0x00007ff92ca30000 - 0x00007ff92cb75000 	C:\Windows\system32\GDI32.dll
0x00007ff92c1a0000 - 0x00007ff92c1b4000 	C:\Windows\SYSTEM32\profapi.dll
0x00007ff929800000 - 0x00007ff92989f000 	C:\Windows\SYSTEM32\SHCORE.dll
0x00007ff92ed30000 - 0x00007ff92ed64000 	C:\Windows\system32\IMM32.DLL
0x00007ff92cc40000 - 0x00007ff92cd79000 	C:\Windows\system32\MSCTF.dll
0x00007ff9291a0000 - 0x00007ff9293fa000 	C:\Windows\WinSxS\amd64_microsoft.windows.common-controls_6595b64144ccf1df_6.0.9600.17031_none_6242a4b3ecbb55a1\COMCTL32.dll
0x00000000648b0000 - 0x0000000064982000 	C:\Program Files\Java\jdk1.8.0\jre\bin\msvcr100.dll
0x0000000064990000 - 0x00000000651ba000 	C:\Program Files\Java\jdk1.8.0\jre\bin\server\jvm.dll
0x00007ff926e30000 - 0x00007ff926e39000 	C:\Windows\SYSTEM32\WSOCK32.dll
0x00007ff9266d0000 - 0x00007ff9266ef000 	C:\Windows\SYSTEM32\WINMM.dll
0x00007ff92cd80000 - 0x00007ff92cd87000 	C:\Windows\system32\PSAPI.DLL
0x00007ff92edd0000 - 0x00007ff92ee28000 	C:\Windows\system32\WS2_32.dll
0x00007ff9265e0000 - 0x00007ff92660a000 	C:\Windows\SYSTEM32\WINMMBASE.dll
0x00007ff92eb80000 - 0x00007ff92eb89000 	C:\Windows\system32\NSI.dll
0x00007ff92c2c0000 - 0x00007ff92c30a000 	C:\Windows\SYSTEM32\cfgmgr32.dll
0x00007ff92b0a0000 - 0x00007ff92b0c6000 	C:\Windows\SYSTEM32\DEVOBJ.dll
0x0000000064860000 - 0x000000006486f000 	C:\Program Files\Java\jdk1.8.0\jre\bin\verify.dll
0x0000000064830000 - 0x0000000064858000 	C:\Program Files\Java\jdk1.8.0\jre\bin\java.dll
0x0000000064810000 - 0x0000000064826000 	C:\Program Files\Java\jdk1.8.0\jre\bin\zip.dll
0x0000000064630000 - 0x00000000647c6000 	C:\Program Files\Java\jdk1.8.0\jre\bin\awt.dll
0x00007ff92d150000 - 0x00007ff92d207000 	C:\Windows\system32\OLEAUT32.dll
0x00007ff92ac50000 - 0x00007ff92ac70000 	C:\Windows\system32\DWMAPI.DLL
0x00007ff92af50000 - 0x00007ff92b071000 	C:\Windows\system32\uxtheme.dll
0x00007ff92a980000 - 0x00007ff92a98a000 	C:\Windows\SYSTEM32\kernel.appcore.dll
0x00007ff92c010000 - 0x00007ff92c01a000 	C:\Windows\SYSTEM32\CRYPTBASE.dll
0x00007ff92bfb0000 - 0x00007ff92c010000 	C:\Windows\SYSTEM32\bcryptPrimitives.dll
0x0000000180000000 - 0x000000018002d000 	C:\Windows\System32\jpcap.dll
0x00000000171c0000 - 0x0000000017225000 	C:\Windows\SYSTEM32\wpcap.dll
0x00007ff928b20000 - 0x00007ff928b49000 	C:\Windows\SYSTEM32\iphlpapi.dll
0x0000000017240000 - 0x000000001725f000 	C:\Windows\SYSTEM32\packet.dll
0x00007ff928b10000 - 0x00007ff928b1a000 	C:\Windows\SYSTEM32\WINNSI.DLL
0x00007ff925800000 - 0x00007ff92580a000 	C:\Windows\SYSTEM32\VERSION.dll
0x00007ff9266b0000 - 0x00007ff9266c4000 	C:\Windows\SYSTEM32\dhcpcsvc6.DLL
0x00007ff928950000 - 0x00007ff928969000 	C:\Windows\SYSTEM32\dhcpcsvc.DLL
0x00000000645e0000 - 0x0000000064627000 	C:\Program Files\Java\jdk1.8.0\jre\bin\fontmanager.dll
0x00000000647f0000 - 0x000000006480a000 	C:\Program Files\Java\jdk1.8.0\jre\bin\net.dll
0x00007ff92ba00000 - 0x00007ff92ba58000 	C:\Windows\system32\mswsock.dll
0x00000000647d0000 - 0x00000000647e1000 	C:\Program Files\Java\jdk1.8.0\jre\bin\nio.dll
0x00007ff91cff0000 - 0x00007ff91d178000 	C:\Windows\SYSTEM32\dbghelp.dll
0x0000000064590000 - 0x00000000645d1000 	C:\Program Files\Java\jdk1.8.0\jre\bin\t2k.dll

VM Arguments:
jvm_args: -Dfile.encoding=UTF-8 
java_command: networkmonitor.MainIBMApplicationForm
java_class_path (initial): G:\StydY\200 & java\java Fnal\Java project\NetworkMonitor\lib\jfreechart-1.0.13.jar;G:\StydY\200 & java\java Fnal\Java project\NetworkMonitor\lib\jcommon-1.0.16.jar;G:\StydY\200 & java\java Fnal\Java project\NetworkMonitor\lib\objectdb.jar;G:\StydY\200 & java\java Fnal\Java project\NetworkMonitor\lib\New folder\jpcap-0.01.16-win32\jars\dev-classes_net.ultrametrics-0.03.jar;G:\StydY\200 & java\java Fnal\Java project\NetworkMonitor\lib\New folder\jpcap-0.01.16-win32\jars\fooware_CommandLine-1.0.jar;G:\StydY\200 & java\java Fnal\Java project\NetworkMonitor\lib\New folder\jpcap-0.01.16-win32\jars\javadoc_net.sourceforge.jpcap-0.01.16.jar;G:\StydY\200 & java\java Fnal\Java project\NetworkMonitor\lib\New folder\jpcap-0.01.16-win32\jars\net.sourceforge.jpcap-0.01.16.jar;G:\StydY\200 & java\java Fnal\Java project\NetworkMonitor\lib\jpcap.jar;G:\java\java lab final\BandwidthCalculator\lib\jpcap.jar;G:\StydY\200 & java\java Fnal\Java project\NetworkMonitor\build\classes
Launcher Type: SUN_STANDARD

Environment Variables:
PATH=C:\Windows\system32;C:\Windows;C:\Windows\System32\Wbem;C:\Windows\System32\WindowsPowerShell\v1.0\
USERNAME=Talha-pc
OS=Windows_NT
PROCESSOR_IDENTIFIER=Intel64 Family 6 Model 42 Stepping 7, GenuineIntel



---------------  S Y S T E M  ---------------

OS: Windows 8.1 , 64 bit Build 9600 

CPU:total 4 (2 cores per cpu, 2 threads per core) family 6 model 42 stepping 7, cmov, cx8, fxsr, mmx, sse, sse2, sse3, ssse3, sse4.1, sse4.2, popcnt, avx, clmul, ht, tsc, tscinvbit

Memory: 4k page, physical 4105768k(1611160k free), swap 5547564k(2053720k free)

vm_info: Java HotSpot(TM) 64-Bit Server VM (25.0-b69) for windows-amd64 JRE (1.8.0-b129), built on Feb  7 2014 12:48:41 by "java_re" with MS VC++ 10.0 (VS2010)

time: Tue Aug 04 11:05:41 2015
elapsed time: 0 seconds

