#
# A fatal error has been detected by the Java Runtime Environment:
#
#  EXCEPTION_ACCESS_VIOLATION (0xc0000005) at pc=0x0000000064ac1754, pid=7112, tid=5232
#
# JRE version: Java(TM) SE Runtime Environment (8.0-b129) (build 1.8.0-b129)
# Java VM: Java HotSpot(TM) 64-Bit Server VM (25.0-b69 mixed mode windows-amd64 compressed oops)
# Problematic frame:
# V  [jvm.dll+0x131754]
#
# Failed to write core dump. Minidumps are not enabled by default on client versions of Windows
#
# If you would like to submit a bug report, please visit:
#   http://bugreport.sun.com/bugreport/crash.jsp
#

---------------  T H R E A D  ---------------

Current thread (0x0000000016257000):  JavaThread "Thread-1" [_thread_in_vm, id=5232, stack(0x0000000017a80000,0x0000000017b80000)]

siginfo: ExceptionCode=0xc0000005, reading address 0x0000000000000000

Registers:
RAX=0x0000000000000000, RBX=0x0000000016257000, RCX=0x0000000000000700, RDX=0x0000000000000000
RSP=0x0000000017b7f1d0, RBP=0x0000000017b7f2e8, RSI=0x0000000000000000, RDI=0x0000000000000000
R8 =0x0000000000000000, R9 =0x00000000eb261a98, R10=0x0000000000000010, R11=0x0000000065139230
R12=0x0000000000000000, R13=0x0000000000000000, R14=0x0000000017b7f310, R15=0x0000000016257000
RIP=0x0000000064ac1754, EFLAGS=0x0000000000010202

Top of Stack: (sp=0x0000000017b7f1d0)
0x0000000017b7f1d0:   00000000143f9990 0000000016257000
0x0000000017b7f1e0:   0000000016257000 0000000000000000
0x0000000017b7f1f0:   0000000016257000 0000000000000000
0x0000000017b7f200:   0000000017b7f310 00000000143d8c10
0x0000000017b7f210:   0000000180000000 00000000162571e0
0x0000000017b7f220:   00000000650d37b0 0000000180001b1d
0x0000000017b7f230:   0000000017b7f2e8 0000000000000001
0x0000000017b7f240:   0000000017b7f2e8 0000000016257000
0x0000000017b7f250:   00000000143d8c10 0000000000000000
0x0000000017b7f260:   0000000001ff72b0 00000000020051ae
0x0000000017b7f270:   0000000017b7f2e8 00000000143d8c10
0x0000000017b7f280:   0000000000200021 00000000143d8c10
0x0000000017b7f290:   0000000000200021 0000000016257000
0x0000000017b7f2a0:   0000000002004edc 0000000017b7f2a8
0x0000000017b7f2b0:   00000000143d8c10 0000000017b7f310
0x0000000017b7f2c0:   00000000143f9e68 0000000000000000 

Instructions: (pc=0x0000000064ac1754)
0x0000000064ac1734:   89 5c 24 20 48 89 74 24 28 48 39 73 08 74 0a 48
0x0000000064ac1744:   8d 4c 24 20 e8 33 a8 12 00 40 38 35 a4 6b 67 00
0x0000000064ac1754:   48 8b 3f 48 63 05 7a e8 65 00 74 1b 8b 0c 38 85
0x0000000064ac1764:   c9 74 77 8b c1 8b 0d d9 1a 61 00 48 d3 e0 48 03 


Register to memory mapping:

RAX=0x0000000000000000 is an unknown value
RBX=0x0000000016257000 is a thread
RCX=0x0000000000000700 is an unknown value
RDX=0x0000000000000000 is an unknown value
RSP=0x0000000017b7f1d0 is pointing into the stack for thread: 0x0000000016257000
RBP=0x0000000017b7f2e8 is pointing into the stack for thread: 0x0000000016257000
RSI=0x0000000000000000 is an unknown value
RDI=0x0000000000000000 is an unknown value
R8 =0x0000000000000000 is an unknown value
R9 =0x00000000eb261a98 is an oop
jpcap.JpcapCaptor 
 - klass: 'jpcap/JpcapCaptor'
R10=0x0000000000000010 is an unknown value
R11=0x0000000065139230 is an unknown value
R12=0x0000000000000000 is an unknown value
R13=0x0000000000000000 is an unknown value
R14=0x0000000017b7f310 is pointing into the stack for thread: 0x0000000016257000
R15=0x0000000016257000 is a thread


Stack: [0x0000000017a80000,0x0000000017b80000],  sp=0x0000000017b7f1d0,  free space=1020k
Native frames: (J=compiled Java code, j=interpreted, Vv=VM code, C=native code)
V  [jvm.dll+0x131754]
C  [jpcap.dll+0x1b1d]
C  0x00000000020051ae

Java frames: (J=compiled Java code, j=interpreted, Vv=VM code)
j  jpcap.JpcapCaptor.nativeOpenOffline(Ljava/lang/String;)Ljava/lang/String;+0
j  jpcap.JpcapCaptor.openFile(Ljava/lang/String;)Ljpcap/JpcapCaptor;+10
j  networkmonitor.PacketMonitoringThread.run()V+95
v  ~StubRoutines::call_stub

---------------  P R O C E S S  ---------------

Java Threads: ( => current thread )
  0x000000001626d800 JavaThread "TimerQueue" daemon [_thread_blocked, id=4596, stack(0x0000000017b80000,0x0000000017c80000)]
=>0x0000000016257000 JavaThread "Thread-1" [_thread_in_vm, id=5232, stack(0x0000000017a80000,0x0000000017b80000)]
  0x0000000001ef0800 JavaThread "DestroyJavaVM" [_thread_blocked, id=4888, stack(0x0000000001d80000,0x0000000001e80000)]
  0x0000000016173000 JavaThread "AWT-EventQueue-0" [_thread_in_native, id=5512, stack(0x0000000017180000,0x0000000017280000)]
  0x0000000016122800 JavaThread "AWT-Windows" daemon [_thread_in_native, id=5056, stack(0x0000000016c70000,0x0000000016d70000)]
  0x0000000016122000 JavaThread "AWT-Shutdown" [_thread_blocked, id=1096, stack(0x0000000016b70000,0x0000000016c70000)]
  0x0000000016121000 JavaThread "Java2D Disposer" daemon [_thread_blocked, id=2668, stack(0x0000000016a70000,0x0000000016b70000)]
  0x000000001465e000 JavaThread "Service Thread" daemon [_thread_blocked, id=4672, stack(0x0000000016270000,0x0000000016370000)]
  0x0000000014604800 JavaThread "C1 CompilerThread2" daemon [_thread_blocked, id=4008, stack(0x0000000015d70000,0x0000000015e70000)]
  0x0000000014600000 JavaThread "C2 CompilerThread1" daemon [_thread_blocked, id=5292, stack(0x0000000015c70000,0x0000000015d70000)]
  0x00000000145fc000 JavaThread "C2 CompilerThread0" daemon [_thread_blocked, id=5372, stack(0x0000000015b70000,0x0000000015c70000)]
  0x00000000145fa000 JavaThread "Attach Listener" daemon [_thread_blocked, id=6320, stack(0x0000000015a70000,0x0000000015b70000)]
  0x00000000145f9800 JavaThread "Signal Dispatcher" daemon [_thread_blocked, id=5624, stack(0x0000000015970000,0x0000000015a70000)]
  0x0000000001fe4000 JavaThread "Finalizer" daemon [_thread_blocked, id=3780, stack(0x0000000015870000,0x0000000015970000)]
  0x0000000001fdb000 JavaThread "Reference Handler" daemon [_thread_blocked, id=1840, stack(0x0000000015770000,0x0000000015870000)]

Other Threads:
  0x00000000145c5800 VMThread [stack: 0x0000000015670000,0x0000000015770000] [id=6872]
  0x0000000015ea1800 WatcherThread [stack: 0x0000000016370000,0x0000000016470000] [id=4020]

VM state:not at safepoint (normal execution)

VM Mutex/Monitor currently owned by a thread: None

Heap:
 PSYoungGen      total 5632K, used 2114K [0x00000000eb180000, 0x00000000eb880000, 0x0000000100000000)
  eden space 4096K, 24% used [0x00000000eb180000,0x00000000eb277c90,0x00000000eb580000)
  from space 1536K, 73% used [0x00000000eb700000,0x00000000eb818bd0,0x00000000eb880000)
  to   space 1536K, 0% used [0x00000000eb580000,0x00000000eb580000,0x00000000eb700000)
 ParOldGen       total 64000K, used 1455K [0x00000000c1400000, 0x00000000c5280000, 0x00000000eb180000)
  object space 64000K, 2% used [0x00000000c1400000,0x00000000c156bed8,0x00000000c5280000)
 Metaspace       used 10068K, capacity 10214K, committed 10240K, reserved 1058816K
  class space    used 1194K, capacity 1269K, committed 1280K, reserved 1048576K

Card table byte_map: [0x00000000113b0000,0x00000000115b0000] byte_map_base: 0x0000000010da6000

Marking Bits: (ParMarkBitMap*) 0x00000000651413b0
 Begin Bits: [0x0000000011b00000, 0x0000000012ab0000)
 End Bits:   [0x0000000012ab0000, 0x0000000013a60000)

Polling page: 0x0000000000480000

CodeCache: size=245760Kb used=1940Kb max_used=1940Kb free=243820Kb
 bounds [0x0000000001ff0000, 0x0000000002260000, 0x0000000010ff0000]
 total_blobs=842 nmethods=370 adapters=386
 compilation: enabled

Compilation events (10 events):
Event: 0.610 Thread 0x0000000014604800  354       3       java.nio.Buffer::nextGetIndex (31 bytes)
Event: 0.611 Thread 0x0000000014604800 nmethod 354 0x00000000021ced50 code [0x00000000021ceec0, 0x00000000021cf0c8]
Event: 0.611 Thread 0x0000000014604800  357       3       java.nio.ByteBufferAsShortBufferB::get (16 bytes)
Event: 0.611 Thread 0x0000000014604800 nmethod 357 0x00000000021cf190 code [0x00000000021cf340, 0x00000000021cf908]
Event: 0.611 Thread 0x0000000014604800  358       3       java.nio.ByteBufferAsShortBufferB::ix (9 bytes)
Event: 0.611 Thread 0x0000000014604800 nmethod 358 0x00000000021cfb50 code [0x00000000021cfca0, 0x00000000021cfdf0]
Event: 0.611 Thread 0x0000000014604800  355       3       java.nio.Bits::getShortB (16 bytes)
Event: 0.612 Thread 0x0000000014604800 nmethod 355 0x00000000021cfe50 code [0x00000000021cffc0, 0x00000000021d02f8]
Event: 0.612 Thread 0x0000000014604800  356       3       java.nio.Bits::makeShort (12 bytes)
Event: 0.612 Thread 0x0000000014604800 nmethod 356 0x00000000021d0610 code [0x00000000021d0760, 0x00000000021d0890]

GC Heap History (10 events):
Event: 0.146 GC heap before
{Heap before GC invocations=2 (full 0):
 PSYoungGen      total 1024K, used 976K [0x00000000eb180000, 0x00000000eb380000, 0x0000000100000000)
  eden space 512K, 100% used [0x00000000eb180000,0x00000000eb200000,0x00000000eb200000)
  from space 512K, 90% used [0x00000000eb200000,0x00000000eb274010,0x00000000eb280000)
  to   space 512K, 0% used [0x00000000eb300000,0x00000000eb300000,0x00000000eb380000)
 ParOldGen       total 64000K, used 8K [0x00000000c1400000, 0x00000000c5280000, 0x00000000eb180000)
  object space 64000K, 0% used [0x00000000c1400000,0x00000000c1402000,0x00000000c5280000)
 Metaspace       used 3289K, capacity 4650K, committed 4864K, reserved 1056768K
  class space    used 357K, capacity 418K, committed 512K, reserved 1048576K
Event: 0.147 GC heap after
Heap after GC invocations=2 (full 0):
 PSYoungGen      total 1536K, used 496K [0x00000000eb180000, 0x00000000eb380000, 0x0000000100000000)
  eden space 1024K, 0% used [0x00000000eb180000,0x00000000eb180000,0x00000000eb280000)
  from space 512K, 96% used [0x00000000eb300000,0x00000000eb37c010,0x00000000eb380000)
  to   space 512K, 0% used [0x00000000eb280000,0x00000000eb280000,0x00000000eb300000)
 ParOldGen       total 64000K, used 87K [0x00000000c1400000, 0x00000000c5280000, 0x00000000eb180000)
  object space 64000K, 0% used [0x00000000c1400000,0x00000000c1415f78,0x00000000c5280000)
 Metaspace       used 3289K, capacity 4650K, committed 4864K, reserved 1056768K
  class space    used 357K, capacity 418K, committed 512K, reserved 1048576K
}
Event: 0.275 GC heap before
{Heap before GC invocations=3 (full 0):
 PSYoungGen      total 1536K, used 1520K [0x00000000eb180000, 0x00000000eb380000, 0x0000000100000000)
  eden space 1024K, 100% used [0x00000000eb180000,0x00000000eb280000,0x00000000eb280000)
  from space 512K, 96% used [0x00000000eb300000,0x00000000eb37c010,0x00000000eb380000)
  to   space 512K, 0% used [0x00000000eb280000,0x00000000eb280000,0x00000000eb300000)
 ParOldGen       total 64000K, used 87K [0x00000000c1400000, 0x00000000c5280000, 0x00000000eb180000)
  object space 64000K, 0% used [0x00000000c1400000,0x00000000c1415f78,0x00000000c5280000)
 Metaspace       used 6005K, capacity 6120K, committed 6400K, reserved 1056768K
  class space    used 690K, capacity 716K, committed 768K, reserved 1048576K
Event: 0.278 GC heap after
Heap after GC invocations=3 (full 0):
 PSYoungGen      total 1536K, used 512K [0x00000000eb180000, 0x00000000eb480000, 0x0000000100000000)
  eden space 1024K, 0% used [0x00000000eb180000,0x00000000eb180000,0x00000000eb280000)
  from space 512K, 100% used [0x00000000eb280000,0x00000000eb300000,0x00000000eb300000)
  to   space 512K, 0% used [0x00000000eb400000,0x00000000eb400000,0x00000000eb480000)
 ParOldGen       total 64000K, used 611K [0x00000000c1400000, 0x00000000c5280000, 0x00000000eb180000)
  object space 64000K, 0% used [0x00000000c1400000,0x00000000c1498c70,0x00000000c5280000)
 Metaspace       used 6005K, capacity 6120K, committed 6400K, reserved 1056768K
  class space    used 690K, capacity 716K, committed 768K, reserved 1048576K
}
Event: 0.300 GC heap before
{Heap before GC invocations=4 (full 0):
 PSYoungGen      total 1536K, used 1487K [0x00000000eb180000, 0x00000000eb480000, 0x0000000100000000)
  eden space 1024K, 95% used [0x00000000eb180000,0x00000000eb273cd0,0x00000000eb280000)
  from space 512K, 100% used [0x00000000eb280000,0x00000000eb300000,0x00000000eb300000)
  to   space 512K, 0% used [0x00000000eb400000,0x00000000eb400000,0x00000000eb480000)
 ParOldGen       total 64000K, used 611K [0x00000000c1400000, 0x00000000c5280000, 0x00000000eb180000)
  object space 64000K, 0% used [0x00000000c1400000,0x00000000c1498c70,0x00000000c5280000)
 Metaspace       used 6307K, capacity 6408K, committed 6656K, reserved 1056768K
  class space    used 716K, capacity 748K, committed 768K, reserved 1048576K
Event: 0.302 GC heap after
Heap after GC invocations=4 (full 0):
 PSYoungGen      total 2560K, used 512K [0x00000000eb180000, 0x00000000eb480000, 0x0000000100000000)
  eden space 2048K, 0% used [0x00000000eb180000,0x00000000eb180000,0x00000000eb380000)
  from space 512K, 100% used [0x00000000eb400000,0x00000000eb480000,0x00000000eb480000)
  to   space 512K, 0% used [0x00000000eb380000,0x00000000eb380000,0x00000000eb400000)
 ParOldGen       total 64000K, used 849K [0x00000000c1400000, 0x00000000c5280000, 0x00000000eb180000)
  object space 64000K, 1% used [0x00000000c1400000,0x00000000c14d4440,0x00000000c5280000)
 Metaspace       used 6307K, capacity 6408K, committed 6656K, reserved 1056768K
  class space    used 716K, capacity 748K, committed 768K, reserved 1048576K
}
Event: 0.380 GC heap before
{Heap before GC invocations=5 (full 0):
 PSYoungGen      total 2560K, used 2560K [0x00000000eb180000, 0x00000000eb480000, 0x0000000100000000)
  eden space 2048K, 100% used [0x00000000eb180000,0x00000000eb380000,0x00000000eb380000)
  from space 512K, 100% used [0x00000000eb400000,0x00000000eb480000,0x00000000eb480000)
  to   space 512K, 0% used [0x00000000eb380000,0x00000000eb380000,0x00000000eb400000)
 ParOldGen       total 64000K, used 849K [0x00000000c1400000, 0x00000000c5280000, 0x00000000eb180000)
  object space 64000K, 1% used [0x00000000c1400000,0x00000000c14d4440,0x00000000c5280000)
 Metaspace       used 7347K, capacity 7496K, committed 7552K, reserved 1056768K
  class space    used 824K, capacity 876K, committed 896K, reserved 1048576K
Event: 0.383 GC heap after
Heap after GC invocations=5 (full 0):
 PSYoungGen      total 2560K, used 512K [0x00000000eb180000, 0x00000000eb880000, 0x0000000100000000)
  eden space 2048K, 0% used [0x00000000eb180000,0x00000000eb180000,0x00000000eb380000)
  from space 512K, 100% used [0x00000000eb380000,0x00000000eb400000,0x00000000eb400000)
  to   space 1536K, 0% used [0x00000000eb700000,0x00000000eb700000,0x00000000eb880000)
 ParOldGen       total 64000K, used 1447K [0x00000000c1400000, 0x00000000c5280000, 0x00000000eb180000)
  object space 64000K, 2% used [0x00000000c1400000,0x00000000c1569ed8,0x00000000c5280000)
 Metaspace       used 7347K, capacity 7496K, committed 7552K, reserved 1056768K
  class space    used 824K, capacity 876K, committed 896K, reserved 1048576K
}
Event: 0.492 GC heap before
{Heap before GC invocations=6 (full 0):
 PSYoungGen      total 2560K, used 2560K [0x00000000eb180000, 0x00000000eb880000, 0x0000000100000000)
  eden space 2048K, 100% used [0x00000000eb180000,0x00000000eb380000,0x00000000eb380000)
  from space 512K, 100% used [0x00000000eb380000,0x00000000eb400000,0x00000000eb400000)
  to   space 1536K, 0% used [0x00000000eb700000,0x00000000eb700000,0x00000000eb880000)
 ParOldGen       total 64000K, used 1447K [0x00000000c1400000, 0x00000000c5280000, 0x00000000eb180000)
  object space 64000K, 2% used [0x00000000c1400000,0x00000000c1569ed8,0x00000000c5280000)
 Metaspace       used 8037K, capacity 8168K, committed 8448K, reserved 1056768K
  class space    used 923K, capacity 972K, committed 1024K, reserved 1048576K
Event: 0.495 GC heap after
Heap after GC invocations=6 (full 0):
 PSYoungGen      total 5632K, used 1122K [0x00000000eb180000, 0x00000000eb880000, 0x0000000100000000)
  eden space 4096K, 0% used [0x00000000eb180000,0x00000000eb180000,0x00000000eb580000)
  from space 1536K, 73% used [0x00000000eb700000,0x00000000eb818bd0,0x00000000eb880000)
  to   space 1536K, 0% used [0x00000000eb580000,0x00000000eb580000,0x00000000eb700000)
 ParOldGen       total 64000K, used 1455K [0x00000000c1400000, 0x00000000c5280000, 0x00000000eb180000)
  object space 64000K, 2% used [0x00000000c1400000,0x00000000c156bed8,0x00000000c5280000)
 Metaspace       used 8037K, capacity 8168K, committed 8448K, reserved 1056768K
  class space    used 923K, capacity 972K, committed 1024K, reserved 1048576K
}

Deoptimization events (0 events):
No events

Internal exceptions (10 events):
Event: 0.500 Thread 0x0000000016173000 Exception <a 'java/security/PrivilegedActionException'> (0x00000000eb189018) thrown at [D:\re\workspace\8-2-build-windows-amd64-cygwin\jdk8\1854\hotspot\src\share\vm\prims\jvm.cpp, line 1248]
Event: 0.501 Thread 0x0000000016173000 Exception <a 'java/security/PrivilegedActionException'> (0x00000000eb1926f8) thrown at [D:\re\workspace\8-2-build-windows-amd64-cygwin\jdk8\1854\hotspot\src\share\vm\prims\jvm.cpp, line 1248]
Event: 0.501 Thread 0x0000000016173000 Exception <a 'java/security/PrivilegedActionException'> (0x00000000eb1950e0) thrown at [D:\re\workspace\8-2-build-windows-amd64-cygwin\jdk8\1854\hotspot\src\share\vm\prims\jvm.cpp, line 1248]
Event: 0.501 Thread 0x0000000016173000 Exception <a 'java/security/PrivilegedActionException'> (0x00000000eb197d68) thrown at [D:\re\workspace\8-2-build-windows-amd64-cygwin\jdk8\1854\hotspot\src\share\vm\prims\jvm.cpp, line 1248]
Event: 0.502 Thread 0x0000000016173000 Exception <a 'java/security/PrivilegedActionException'> (0x00000000eb19a560) thrown at [D:\re\workspace\8-2-build-windows-amd64-cygwin\jdk8\1854\hotspot\src\share\vm\prims\jvm.cpp, line 1248]
Event: 0.503 Thread 0x0000000016173000 Exception <a 'java/security/PrivilegedActionException'> (0x00000000eb19f948) thrown at [D:\re\workspace\8-2-build-windows-amd64-cygwin\jdk8\1854\hotspot\src\share\vm\prims\jvm.cpp, line 1248]
Event: 0.504 Thread 0x0000000016173000 Exception <a 'java/security/PrivilegedActionException'> (0x00000000eb1a3728) thrown at [D:\re\workspace\8-2-build-windows-amd64-cygwin\jdk8\1854\hotspot\src\share\vm\prims\jvm.cpp, line 1248]
Event: 0.529 Thread 0x0000000016173000 Exception <a 'java/security/PrivilegedActionException'> (0x00000000eb1cafe8) thrown at [D:\re\workspace\8-2-build-windows-amd64-cygwin\jdk8\1854\hotspot\src\share\vm\prims\jvm.cpp, line 1248]
Event: 0.532 Thread 0x0000000016173000 Exception <a 'java/security/PrivilegedActionException'> (0x00000000eb1d35a8) thrown at [D:\re\workspace\8-2-build-windows-amd64-cygwin\jdk8\1854\hotspot\src\share\vm\prims\jvm.cpp, line 1248]
Event: 0.603 Thread 0x0000000016257000 Exception <a 'java/lang/NoSuchMethodError': setRoutingOption> (0x00000000eb260318) thrown at [D:\re\workspace\8-2-build-windows-amd64-cygwin\jdk8\1854\hotspot\src\share\vm\prims\jni.cpp, line 1567]

Events (10 events):
Event: 0.612 loading class sun/font/T2KFontScaler done
Event: 0.612 loading class sun/font/T2KFontScaler$1
Event: 0.612 loading class sun/font/T2KFontScaler$1 done
Event: 0.616 loading class sun/font/TrueTypeGlyphMapper
Event: 0.616 loading class sun/font/TrueTypeGlyphMapper done
Event: 0.616 loading class sun/font/CMap
Event: 0.616 loading class sun/font/CMap done
Event: 0.616 loading class sun/font/CMap$NullCMapClass
Event: 0.616 loading class sun/font/CMap$NullCMapClass done
Event: 0.616 loading class sun/font/CMap$CMapFormat4


Dynamic libraries:
0x00007ff6884d0000 - 0x00007ff688504000 	C:\Program Files\Java\jdk1.8.0\bin\java.exe
0x00007ff92ee30000 - 0x00007ff92efda000 	C:\Windows\SYSTEM32\ntdll.dll
0x00007ff92d010000 - 0x00007ff92d14a000 	C:\Windows\system32\KERNEL32.DLL
0x00007ff92c310000 - 0x00007ff92c420000 	C:\Windows\system32\KERNELBASE.dll
0x00007ff92ace0000 - 0x00007ff92ad68000 	C:\Windows\system32\apphelp.dll
0x00007ff9230a0000 - 0x00007ff9230ef000 	C:\Windows\AppPatch\AppPatch64\AcGenral.DLL
0x00007ff92c8e0000 - 0x00007ff92c987000 	C:\Windows\system32\msvcrt.dll
0x00007ff92bf80000 - 0x00007ff92bfab000 	C:\Windows\SYSTEM32\SspiCli.dll
0x00007ff92cbe0000 - 0x00007ff92cc31000 	C:\Windows\system32\SHLWAPI.dll
0x00007ff92d350000 - 0x00007ff92d4c1000 	C:\Windows\system32\USER32.dll
0x00007ff92c760000 - 0x00007ff92c8d8000 	C:\Windows\system32\ole32.dll
0x00007ff92d760000 - 0x00007ff92eb77000 	C:\Windows\system32\SHELL32.dll
0x00007ff92b7b0000 - 0x00007ff92b7cf000 	C:\Windows\SYSTEM32\USERENV.dll
0x00007ff92d4d0000 - 0x00007ff92d575000 	C:\Windows\system32\ADVAPI32.dll
0x00007ff926850000 - 0x00007ff92686b000 	C:\Windows\SYSTEM32\MPR.dll
0x00007ff92d210000 - 0x00007ff92d346000 	C:\Windows\system32\RPCRT4.dll
0x00007ff92c9b0000 - 0x00007ff92ca07000 	C:\Windows\SYSTEM32\sechost.dll
0x00007ff92d580000 - 0x00007ff92d756000 	C:\Windows\SYSTEM32\combase.dll
0x00007ff92ca30000 - 0x00007ff92cb75000 	C:\Windows\system32\GDI32.dll
0x00007ff92c1a0000 - 0x00007ff92c1b4000 	C:\Windows\SYSTEM32\profapi.dll
0x00007ff929800000 - 0x00007ff92989f000 	C:\Windows\SYSTEM32\SHCORE.dll
0x00007ff92ed30000 - 0x00007ff92ed64000 	C:\Windows\system32\IMM32.DLL
0x00007ff92cc40000 - 0x00007ff92cd79000 	C:\Windows\system32\MSCTF.dll
0x00007ff9291a0000 - 0x00007ff9293fa000 	C:\Windows\WinSxS\amd64_microsoft.windows.common-controls_6595b64144ccf1df_6.0.9600.17031_none_6242a4b3ecbb55a1\COMCTL32.dll
0x00000000648b0000 - 0x0000000064982000 	C:\Program Files\Java\jdk1.8.0\jre\bin\msvcr100.dll
0x0000000064990000 - 0x00000000651ba000 	C:\Program Files\Java\jdk1.8.0\jre\bin\server\jvm.dll
0x00007ff926e30000 - 0x00007ff926e39000 	C:\Windows\SYSTEM32\WSOCK32.dll
0x00007ff9266d0000 - 0x00007ff9266ef000 	C:\Windows\SYSTEM32\WINMM.dll
0x00007ff92cd80000 - 0x00007ff92cd87000 	C:\Windows\system32\PSAPI.DLL
0x00007ff92edd0000 - 0x00007ff92ee28000 	C:\Windows\system32\WS2_32.dll
0x00007ff9265e0000 - 0x00007ff92660a000 	C:\Windows\SYSTEM32\WINMMBASE.dll
0x00007ff92eb80000 - 0x00007ff92eb89000 	C:\Windows\system32\NSI.dll
0x00007ff92c2c0000 - 0x00007ff92c30a000 	C:\Windows\SYSTEM32\cfgmgr32.dll
0x00007ff92b0a0000 - 0x00007ff92b0c6000 	C:\Windows\SYSTEM32\DEVOBJ.dll
0x0000000064860000 - 0x000000006486f000 	C:\Program Files\Java\jdk1.8.0\jre\bin\verify.dll
0x0000000064830000 - 0x0000000064858000 	C:\Program Files\Java\jdk1.8.0\jre\bin\java.dll
0x0000000064810000 - 0x0000000064826000 	C:\Program Files\Java\jdk1.8.0\jre\bin\zip.dll
0x0000000064630000 - 0x00000000647c6000 	C:\Program Files\Java\jdk1.8.0\jre\bin\awt.dll
0x00007ff92d150000 - 0x00007ff92d207000 	C:\Windows\system32\OLEAUT32.dll
0x00007ff92ac50000 - 0x00007ff92ac70000 	C:\Windows\system32\DWMAPI.DLL
0x00007ff92af50000 - 0x00007ff92b071000 	C:\Windows\system32\uxtheme.dll
0x00007ff92a980000 - 0x00007ff92a98a000 	C:\Windows\SYSTEM32\kernel.appcore.dll
0x00007ff92c010000 - 0x00007ff92c01a000 	C:\Windows\SYSTEM32\CRYPTBASE.dll
0x00007ff92bfb0000 - 0x00007ff92c010000 	C:\Windows\SYSTEM32\bcryptPrimitives.dll
0x0000000180000000 - 0x000000018002d000 	C:\Windows\System32\jpcap.dll
0x0000000016970000 - 0x00000000169d5000 	C:\Windows\SYSTEM32\wpcap.dll
0x00007ff928b20000 - 0x00007ff928b49000 	C:\Windows\SYSTEM32\iphlpapi.dll
0x0000000000620000 - 0x000000000063f000 	C:\Windows\SYSTEM32\packet.dll
0x00007ff928b10000 - 0x00007ff928b1a000 	C:\Windows\SYSTEM32\WINNSI.DLL
0x00007ff925800000 - 0x00007ff92580a000 	C:\Windows\SYSTEM32\VERSION.dll
0x00007ff9266b0000 - 0x00007ff9266c4000 	C:\Windows\SYSTEM32\dhcpcsvc6.DLL
0x00007ff928950000 - 0x00007ff928969000 	C:\Windows\SYSTEM32\dhcpcsvc.DLL
0x00000000645e0000 - 0x0000000064627000 	C:\Program Files\Java\jdk1.8.0\jre\bin\fontmanager.dll
0x00000000647f0000 - 0x000000006480a000 	C:\Program Files\Java\jdk1.8.0\jre\bin\net.dll
0x00007ff92ba00000 - 0x00007ff92ba58000 	C:\Windows\system32\mswsock.dll
0x00000000647d0000 - 0x00000000647e1000 	C:\Program Files\Java\jdk1.8.0\jre\bin\nio.dll
0x0000000064590000 - 0x00000000645d1000 	C:\Program Files\Java\jdk1.8.0\jre\bin\t2k.dll
0x00007ff91cff0000 - 0x00007ff91d178000 	C:\Windows\SYSTEM32\dbghelp.dll

VM Arguments:
jvm_args: -Dfile.encoding=UTF-8 
java_command: networkmonitor.MainIBMApplicationForm
java_class_path (initial): G:\StydY\200 & java\java Fnal\Java project\NetworkMonitor\lib\jfreechart-1.0.13.jar;G:\StydY\200 & java\java Fnal\Java project\NetworkMonitor\lib\jcommon-1.0.16.jar;G:\StydY\200 & java\java Fnal\Java project\NetworkMonitor\lib\objectdb.jar;G:\StydY\200 & java\java Fnal\Java project\NetworkMonitor\lib\New folder\jpcap-0.01.16-win32\jars\dev-classes_net.ultrametrics-0.03.jar;G:\StydY\200 & java\java Fnal\Java project\NetworkMonitor\lib\New folder\jpcap-0.01.16-win32\jars\fooware_CommandLine-1.0.jar;G:\StydY\200 & java\java Fnal\Java project\NetworkMonitor\lib\New folder\jpcap-0.01.16-win32\jars\javadoc_net.sourceforge.jpcap-0.01.16.jar;G:\StydY\200 & java\java Fnal\Java project\NetworkMonitor\lib\New folder\jpcap-0.01.16-win32\jars\net.sourceforge.jpcap-0.01.16.jar;G:\StydY\200 & java\java Fnal\Java project\NetworkMonitor\lib\jpcap.jar;G:\java\java lab final\BandwidthCalculator\lib\jpcap.jar;G:\StydY\200 & java\java Fnal\Java project\NetworkMonitor\build\classes
Launcher Type: SUN_STANDARD

Environment Variables:
PATH=C:\Windows\system32;C:\Windows;C:\Windows\System32\Wbem;C:\Windows\System32\WindowsPowerShell\v1.0\
USERNAME=Talha-pc
OS=Windows_NT
PROCESSOR_IDENTIFIER=Intel64 Family 6 Model 42 Stepping 7, GenuineIntel



---------------  S Y S T E M  ---------------

OS: Windows 8.1 , 64 bit Build 9600 

CPU:total 4 (2 cores per cpu, 2 threads per core) family 6 model 42 stepping 7, cmov, cx8, fxsr, mmx, sse, sse2, sse3, ssse3, sse4.1, sse4.2, popcnt, avx, clmul, ht, tsc, tscinvbit

Memory: 4k page, physical 4105768k(1896380k free), swap 5547564k(2446828k free)

vm_info: Java HotSpot(TM) 64-Bit Server VM (25.0-b69) for windows-amd64 JRE (1.8.0-b129), built on Feb  7 2014 12:48:41 by "java_re" with MS VC++ 10.0 (VS2010)

time: Tue Aug 04 10:43:49 2015
elapsed time: 0 seconds

