#
# A fatal error has been detected by the Java Runtime Environment:
#
#  EXCEPTION_ACCESS_VIOLATION (0xc0000005) at pc=0x0000000064ac1754, pid=5476, tid=1020
#
# JRE version: Java(TM) SE Runtime Environment (8.0-b129) (build 1.8.0-b129)
# Java VM: Java HotSpot(TM) 64-Bit Server VM (25.0-b69 mixed mode windows-amd64 compressed oops)
# Problematic frame:
# V  [jvm.dll+0x131754]
#
# Failed to write core dump. Minidumps are not enabled by default on client versions of Windows
#
# If you would like to submit a bug report, please visit:
#   http://bugreport.sun.com/bugreport/crash.jsp
#

---------------  T H R E A D  ---------------

Current thread (0x0000000016a83800):  JavaThread "Thread-1" [_thread_in_vm, id=1020, stack(0x00000000181d0000,0x00000000182d0000)]

siginfo: ExceptionCode=0xc0000005, reading address 0x0000000000000000

Registers:
RAX=0x0000000000000000, RBX=0x0000000016a83800, RCX=0x0000000000000380, RDX=0x0000000000000000
RSP=0x00000000182cecf0, RBP=0x00000000182cee08, RSI=0x0000000000000000, RDI=0x0000000000000000
R8 =0x0000000000000000, R9 =0x00000000eb24c850, R10=0x0000000000000010, R11=0x0000000065139230
R12=0x0000000000000000, R13=0x0000000000000000, R14=0x00000000182cee30, R15=0x0000000016a83800
RIP=0x0000000064ac1754, EFLAGS=0x0000000000010202

Top of Stack: (sp=0x00000000182cecf0)
0x00000000182cecf0:   0000000014c19990 0000000016a83800
0x00000000182ced00:   0000000016a83800 0000000000000000
0x00000000182ced10:   0000000016a83800 0000000000000000
0x00000000182ced20:   00000000182cee30 0000000014c18c10
0x00000000182ced30:   0000000180000000 0000000016a839e0
0x00000000182ced40:   00000000650d37b0 0000000180001b1d
0x00000000182ced50:   00000000182cee08 0000000000000001
0x00000000182ced60:   00000000182cee08 0000000016a83800
0x00000000182ced70:   0000000014c18c10 0000000000000000
0x00000000182ced80:   00000000028372b0 00000000028451ae
0x00000000182ced90:   00000000182cee08 0000000014c18c10
0x00000000182ceda0:   0000000000200021 0000000014c18c10
0x00000000182cedb0:   0000000000200021 0000000016a83800
0x00000000182cedc0:   0000000002844edc 00000000182cedc8
0x00000000182cedd0:   0000000014c18c10 00000000182cee30
0x00000000182cede0:   0000000014c19e68 0000000000000000 

Instructions: (pc=0x0000000064ac1754)
0x0000000064ac1734:   89 5c 24 20 48 89 74 24 28 48 39 73 08 74 0a 48
0x0000000064ac1744:   8d 4c 24 20 e8 33 a8 12 00 40 38 35 a4 6b 67 00
0x0000000064ac1754:   48 8b 3f 48 63 05 7a e8 65 00 74 1b 8b 0c 38 85
0x0000000064ac1764:   c9 74 77 8b c1 8b 0d d9 1a 61 00 48 d3 e0 48 03 


Register to memory mapping:

RAX=0x0000000000000000 is an unknown value
RBX=0x0000000016a83800 is a thread
RCX=0x0000000000000380 is an unknown value
RDX=0x0000000000000000 is an unknown value
RSP=0x00000000182cecf0 is pointing into the stack for thread: 0x0000000016a83800
RBP=0x00000000182cee08 is pointing into the stack for thread: 0x0000000016a83800
RSI=0x0000000000000000 is an unknown value
RDI=0x0000000000000000 is an unknown value
R8 =0x0000000000000000 is an unknown value
R9 =0x00000000eb24c850 is an oop
jpcap.JpcapCaptor 
 - klass: 'jpcap/JpcapCaptor'
R10=0x0000000000000010 is an unknown value
R11=0x0000000065139230 is an unknown value
R12=0x0000000000000000 is an unknown value
R13=0x0000000000000000 is an unknown value
R14=0x00000000182cee30 is pointing into the stack for thread: 0x0000000016a83800
R15=0x0000000016a83800 is a thread


Stack: [0x00000000181d0000,0x00000000182d0000],  sp=0x00000000182cecf0,  free space=1019k
Native frames: (J=compiled Java code, j=interpreted, Vv=VM code, C=native code)
V  [jvm.dll+0x131754]
C  [jpcap.dll+0x1b1d]
C  0x00000000028451ae

Java frames: (J=compiled Java code, j=interpreted, Vv=VM code)
j  jpcap.JpcapCaptor.nativeOpenOffline(Ljava/lang/String;)Ljava/lang/String;+0
j  jpcap.JpcapCaptor.openFile(Ljava/lang/String;)Ljpcap/JpcapCaptor;+10
j  networkmonitor.PacketMonitoringThread.run()V+95
v  ~StubRoutines::call_stub

---------------  P R O C E S S  ---------------

Java Threads: ( => current thread )
  0x0000000016a9b800 JavaThread "TimerQueue" daemon [_thread_blocked, id=6964, stack(0x00000000182d0000,0x00000000183d0000)]
=>0x0000000016a83800 JavaThread "Thread-1" [_thread_in_vm, id=1020, stack(0x00000000181d0000,0x00000000182d0000)]
  0x0000000002730800 JavaThread "DestroyJavaVM" [_thread_blocked, id=2748, stack(0x0000000002590000,0x0000000002690000)]
  0x00000000169a8000 JavaThread "AWT-EventQueue-0" [_thread_in_vm, id=5836, stack(0x00000000178d0000,0x00000000179d0000)]
  0x0000000016951000 JavaThread "AWT-Windows" daemon [_thread_in_native, id=5420, stack(0x00000000173c0000,0x00000000174c0000)]
  0x00000000167b8800 JavaThread "AWT-Shutdown" [_thread_blocked, id=5940, stack(0x00000000172c0000,0x00000000173c0000)]
  0x00000000167b8000 JavaThread "Java2D Disposer" daemon [_thread_blocked, id=2928, stack(0x00000000171c0000,0x00000000172c0000)]
  0x0000000014e9d800 JavaThread "Service Thread" daemon [_thread_blocked, id=6520, stack(0x0000000016aa0000,0x0000000016ba0000)]
  0x0000000014e42000 JavaThread "C1 CompilerThread2" daemon [_thread_blocked, id=6764, stack(0x00000000165a0000,0x00000000166a0000)]
  0x0000000014e41000 JavaThread "C2 CompilerThread1" daemon [_thread_blocked, id=6168, stack(0x00000000164a0000,0x00000000165a0000)]
  0x0000000014e3d000 JavaThread "C2 CompilerThread0" daemon [_thread_blocked, id=2680, stack(0x00000000163a0000,0x00000000164a0000)]
  0x0000000014e3b800 JavaThread "Attach Listener" daemon [_thread_blocked, id=5708, stack(0x00000000162a0000,0x00000000163a0000)]
  0x0000000014e3a800 JavaThread "Signal Dispatcher" daemon [_thread_blocked, id=3068, stack(0x00000000161a0000,0x00000000162a0000)]
  0x0000000002824000 JavaThread "Finalizer" daemon [_thread_blocked, id=6272, stack(0x00000000160a0000,0x00000000161a0000)]
  0x000000000281b800 JavaThread "Reference Handler" daemon [_thread_blocked, id=4992, stack(0x0000000015fa0000,0x00000000160a0000)]

Other Threads:
  0x0000000014e05800 VMThread [stack: 0x0000000015ea0000,0x0000000015fa0000] [id=3204]
  0x00000000166d5000 WatcherThread [stack: 0x0000000016ba0000,0x0000000016ca0000] [id=2520]

VM state:not at safepoint (normal execution)

VM Mutex/Monitor currently owned by a thread: None

Heap:
 PSYoungGen      total 5632K, used 3864K [0x00000000eb180000, 0x00000000eb880000, 0x0000000100000000)
  eden space 4096K, 67% used [0x00000000eb180000,0x00000000eb436d50,0x00000000eb580000)
  from space 1536K, 70% used [0x00000000eb700000,0x00000000eb80f620,0x00000000eb880000)
  to   space 1536K, 0% used [0x00000000eb580000,0x00000000eb580000,0x00000000eb700000)
 ParOldGen       total 64000K, used 1542K [0x00000000c1400000, 0x00000000c5280000, 0x00000000eb180000)
  object space 64000K, 2% used [0x00000000c1400000,0x00000000c15818d8,0x00000000c5280000)
 Metaspace       used 10254K, capacity 10406K, committed 10496K, reserved 1058816K
  class space    used 1215K, capacity 1269K, committed 1280K, reserved 1048576K

Card table byte_map: [0x0000000011bf0000,0x0000000011df0000] byte_map_base: 0x00000000115e6000

Marking Bits: (ParMarkBitMap*) 0x00000000651413b0
 Begin Bits: [0x0000000012340000, 0x00000000132f0000)
 End Bits:   [0x00000000132f0000, 0x00000000142a0000)

Polling page: 0x0000000002530000

CodeCache: size=245760Kb used=1954Kb max_used=1965Kb free=243805Kb
 bounds [0x0000000002830000, 0x0000000002aa0000, 0x0000000011830000]
 total_blobs=860 nmethods=373 adapters=401
 compilation: enabled

Compilation events (10 events):
Event: 0.519 Thread 0x0000000014e42000  344  s    3       java.util.Vector::addElement (38 bytes)
Event: 0.519 Thread 0x0000000014e42000 nmethod 344 0x0000000002a0b1d0 code [0x0000000002a0b360, 0x0000000002a0b888]
Event: 0.519 Thread 0x0000000014e42000  348       1       java.util.HashMap$Node::getKey (5 bytes)
Event: 0.519 Thread 0x0000000014e42000 nmethod 348 0x0000000002a0ba90 code [0x0000000002a0bbe0, 0x0000000002a0bcf0]
Event: 0.519 Thread 0x0000000014e42000  349       1       java.util.HashMap$Node::getValue (5 bytes)
Event: 0.519 Thread 0x0000000014e42000 nmethod 349 0x0000000002a0bd50 code [0x0000000002a0bea0, 0x0000000002a0bfb0]
Event: 0.521 Thread 0x0000000014e42000  350       3       sun.misc.URLClassPath$JarLoader::findResource (18 bytes)
Event: 0.521 Thread 0x0000000014e42000 nmethod 350 0x0000000002a0c010 code [0x0000000002a0c180, 0x0000000002a0c418]
Event: 0.522 Thread 0x0000000014e42000  351   !   3       java.awt.Component::firePropertyChange (59 bytes)
Event: 0.523 Thread 0x0000000014e42000 nmethod 351 0x0000000002a0c510 code [0x0000000002a0c700, 0x0000000002a0d198]

GC Heap History (10 events):
Event: 0.127 GC heap before
{Heap before GC invocations=2 (full 0):
 PSYoungGen      total 1024K, used 976K [0x00000000eb180000, 0x00000000eb380000, 0x0000000100000000)
  eden space 512K, 100% used [0x00000000eb180000,0x00000000eb200000,0x00000000eb200000)
  from space 512K, 90% used [0x00000000eb200000,0x00000000eb274010,0x00000000eb280000)
  to   space 512K, 0% used [0x00000000eb300000,0x00000000eb300000,0x00000000eb380000)
 ParOldGen       total 64000K, used 8K [0x00000000c1400000, 0x00000000c5280000, 0x00000000eb180000)
  object space 64000K, 0% used [0x00000000c1400000,0x00000000c1402000,0x00000000c5280000)
 Metaspace       used 3289K, capacity 4650K, committed 4864K, reserved 1056768K
  class space    used 357K, capacity 418K, committed 512K, reserved 1048576K
Event: 0.128 GC heap after
Heap after GC invocations=2 (full 0):
 PSYoungGen      total 1536K, used 480K [0x00000000eb180000, 0x00000000eb380000, 0x0000000100000000)
  eden space 1024K, 0% used [0x00000000eb180000,0x00000000eb180000,0x00000000eb280000)
  from space 512K, 93% used [0x00000000eb300000,0x00000000eb378020,0x00000000eb380000)
  to   space 512K, 0% used [0x00000000eb280000,0x00000000eb280000,0x00000000eb300000)
 ParOldGen       total 64000K, used 95K [0x00000000c1400000, 0x00000000c5280000, 0x00000000eb180000)
  object space 64000K, 0% used [0x00000000c1400000,0x00000000c1417f78,0x00000000c5280000)
 Metaspace       used 3289K, capacity 4650K, committed 4864K, reserved 1056768K
  class space    used 357K, capacity 418K, committed 512K, reserved 1048576K
}
Event: 0.245 GC heap before
{Heap before GC invocations=3 (full 0):
 PSYoungGen      total 1536K, used 1504K [0x00000000eb180000, 0x00000000eb380000, 0x0000000100000000)
  eden space 1024K, 100% used [0x00000000eb180000,0x00000000eb280000,0x00000000eb280000)
  from space 512K, 93% used [0x00000000eb300000,0x00000000eb378020,0x00000000eb380000)
  to   space 512K, 0% used [0x00000000eb280000,0x00000000eb280000,0x00000000eb300000)
 ParOldGen       total 64000K, used 95K [0x00000000c1400000, 0x00000000c5280000, 0x00000000eb180000)
  object space 64000K, 0% used [0x00000000c1400000,0x00000000c1417f78,0x00000000c5280000)
 Metaspace       used 6004K, capacity 6120K, committed 6400K, reserved 1056768K
  class space    used 690K, capacity 716K, committed 768K, reserved 1048576K
Event: 0.247 GC heap after
Heap after GC invocations=3 (full 0):
 PSYoungGen      total 1536K, used 480K [0x00000000eb180000, 0x00000000eb480000, 0x0000000100000000)
  eden space 1024K, 0% used [0x00000000eb180000,0x00000000eb180000,0x00000000eb280000)
  from space 512K, 93% used [0x00000000eb280000,0x00000000eb2f8020,0x00000000eb300000)
  to   space 512K, 0% used [0x00000000eb400000,0x00000000eb400000,0x00000000eb480000)
 ParOldGen       total 64000K, used 655K [0x00000000c1400000, 0x00000000c5280000, 0x00000000eb180000)
  object space 64000K, 1% used [0x00000000c1400000,0x00000000c14a3c60,0x00000000c5280000)
 Metaspace       used 6004K, capacity 6120K, committed 6400K, reserved 1056768K
  class space    used 690K, capacity 716K, committed 768K, reserved 1048576K
}
Event: 0.270 GC heap before
{Heap before GC invocations=4 (full 0):
 PSYoungGen      total 1536K, used 1498K [0x00000000eb180000, 0x00000000eb480000, 0x0000000100000000)
  eden space 1024K, 99% used [0x00000000eb180000,0x00000000eb27e940,0x00000000eb280000)
  from space 512K, 93% used [0x00000000eb280000,0x00000000eb2f8020,0x00000000eb300000)
  to   space 512K, 0% used [0x00000000eb400000,0x00000000eb400000,0x00000000eb480000)
 ParOldGen       total 64000K, used 655K [0x00000000c1400000, 0x00000000c5280000, 0x00000000eb180000)
  object space 64000K, 1% used [0x00000000c1400000,0x00000000c14a3c60,0x00000000c5280000)
 Metaspace       used 6304K, capacity 6408K, committed 6656K, reserved 1056768K
  class space    used 717K, capacity 748K, committed 768K, reserved 1048576K
Event: 0.271 GC heap after
Heap after GC invocations=4 (full 0):
 PSYoungGen      total 2560K, used 496K [0x00000000eb180000, 0x00000000eb480000, 0x0000000100000000)
  eden space 2048K, 0% used [0x00000000eb180000,0x00000000eb180000,0x00000000eb380000)
  from space 512K, 96% used [0x00000000eb400000,0x00000000eb47c010,0x00000000eb480000)
  to   space 512K, 0% used [0x00000000eb380000,0x00000000eb380000,0x00000000eb400000)
 ParOldGen       total 64000K, used 975K [0x00000000c1400000, 0x00000000c5280000, 0x00000000eb180000)
  object space 64000K, 1% used [0x00000000c1400000,0x00000000c14f3eb8,0x00000000c5280000)
 Metaspace       used 6304K, capacity 6408K, committed 6656K, reserved 1056768K
  class space    used 717K, capacity 748K, committed 768K, reserved 1048576K
}
Event: 0.347 GC heap before
{Heap before GC invocations=5 (full 0):
 PSYoungGen      total 2560K, used 2544K [0x00000000eb180000, 0x00000000eb480000, 0x0000000100000000)
  eden space 2048K, 100% used [0x00000000eb180000,0x00000000eb380000,0x00000000eb380000)
  from space 512K, 96% used [0x00000000eb400000,0x00000000eb47c010,0x00000000eb480000)
  to   space 512K, 0% used [0x00000000eb380000,0x00000000eb380000,0x00000000eb400000)
 ParOldGen       total 64000K, used 975K [0x00000000c1400000, 0x00000000c5280000, 0x00000000eb180000)
  object space 64000K, 1% used [0x00000000c1400000,0x00000000c14f3eb8,0x00000000c5280000)
 Metaspace       used 7356K, capacity 7496K, committed 7552K, reserved 1056768K
  class space    used 825K, capacity 876K, committed 896K, reserved 1048576K
Event: 0.349 GC heap after
Heap after GC invocations=5 (full 0):
 PSYoungGen      total 2560K, used 496K [0x00000000eb180000, 0x00000000eb880000, 0x0000000100000000)
  eden space 2048K, 0% used [0x00000000eb180000,0x00000000eb180000,0x00000000eb380000)
  from space 512K, 96% used [0x00000000eb380000,0x00000000eb3fc010,0x00000000eb400000)
  to   space 1536K, 0% used [0x00000000eb700000,0x00000000eb700000,0x00000000eb880000)
 ParOldGen       total 64000K, used 1542K [0x00000000c1400000, 0x00000000c5280000, 0x00000000eb180000)
  object space 64000K, 2% used [0x00000000c1400000,0x00000000c15818d8,0x00000000c5280000)
 Metaspace       used 7356K, capacity 7496K, committed 7552K, reserved 1056768K
  class space    used 825K, capacity 876K, committed 896K, reserved 1048576K
}
Event: 0.433 GC heap before
{Heap before GC invocations=6 (full 0):
 PSYoungGen      total 2560K, used 2544K [0x00000000eb180000, 0x00000000eb880000, 0x0000000100000000)
  eden space 2048K, 100% used [0x00000000eb180000,0x00000000eb380000,0x00000000eb380000)
  from space 512K, 96% used [0x00000000eb380000,0x00000000eb3fc010,0x00000000eb400000)
  to   space 1536K, 0% used [0x00000000eb700000,0x00000000eb700000,0x00000000eb880000)
 ParOldGen       total 64000K, used 1542K [0x00000000c1400000, 0x00000000c5280000, 0x00000000eb180000)
  object space 64000K, 2% used [0x00000000c1400000,0x00000000c15818d8,0x00000000c5280000)
 Metaspace       used 8134K, capacity 8232K, committed 8448K, reserved 1056768K
  class space    used 931K, capacity 972K, committed 1024K, reserved 1048576K
Event: 0.436 GC heap after
Heap after GC invocations=6 (full 0):
 PSYoungGen      total 5632K, used 1085K [0x00000000eb180000, 0x00000000eb880000, 0x0000000100000000)
  eden space 4096K, 0% used [0x00000000eb180000,0x00000000eb180000,0x00000000eb580000)
  from space 1536K, 70% used [0x00000000eb700000,0x00000000eb80f620,0x00000000eb880000)
  to   space 1536K, 0% used [0x00000000eb580000,0x00000000eb580000,0x00000000eb700000)
 ParOldGen       total 64000K, used 1542K [0x00000000c1400000, 0x00000000c5280000, 0x00000000eb180000)
  object space 64000K, 2% used [0x00000000c1400000,0x00000000c15818d8,0x00000000c5280000)
 Metaspace       used 8134K, capacity 8232K, committed 8448K, reserved 1056768K
  class space    used 931K, capacity 972K, committed 1024K, reserved 1048576K
}

Deoptimization events (0 events):
No events

Internal exceptions (10 events):
Event: 0.433 Thread 0x00000000169a8000 Exception <a 'java/security/PrivilegedActionException'> (0x00000000eb37bcf8) thrown at [D:\re\workspace\8-2-build-windows-amd64-cygwin\jdk8\1854\hotspot\src\share\vm\prims\jvm.cpp, line 1248]
Event: 0.433 Thread 0x00000000169a8000 Exception <a 'java/security/PrivilegedActionException'> (0x00000000eb37fc60) thrown at [D:\re\workspace\8-2-build-windows-amd64-cygwin\jdk8\1854\hotspot\src\share\vm\prims\jvm.cpp, line 1248]
Event: 0.437 Thread 0x00000000169a8000 Exception <a 'java/security/PrivilegedActionException'> (0x00000000eb184e18) thrown at [D:\re\workspace\8-2-build-windows-amd64-cygwin\jdk8\1854\hotspot\src\share\vm\prims\jvm.cpp, line 1248]
Event: 0.438 Thread 0x00000000169a8000 Exception <a 'java/security/PrivilegedActionException'> (0x00000000eb188160) thrown at [D:\re\workspace\8-2-build-windows-amd64-cygwin\jdk8\1854\hotspot\src\share\vm\prims\jvm.cpp, line 1248]
Event: 0.438 Thread 0x00000000169a8000 Exception <a 'java/security/PrivilegedActionException'> (0x00000000eb18b728) thrown at [D:\re\workspace\8-2-build-windows-amd64-cygwin\jdk8\1854\hotspot\src\share\vm\prims\jvm.cpp, line 1248]
Event: 0.439 Thread 0x00000000169a8000 Exception <a 'java/security/PrivilegedActionException'> (0x00000000eb18f8d0) thrown at [D:\re\workspace\8-2-build-windows-amd64-cygwin\jdk8\1854\hotspot\src\share\vm\prims\jvm.cpp, line 1248]
Event: 0.440 Thread 0x00000000169a8000 Exception <a 'java/security/PrivilegedActionException'> (0x00000000eb193560) thrown at [D:\re\workspace\8-2-build-windows-amd64-cygwin\jdk8\1854\hotspot\src\share\vm\prims\jvm.cpp, line 1248]
Event: 0.462 Thread 0x00000000169a8000 Exception <a 'java/security/PrivilegedActionException'> (0x00000000eb1bae60) thrown at [D:\re\workspace\8-2-build-windows-amd64-cygwin\jdk8\1854\hotspot\src\share\vm\prims\jvm.cpp, line 1248]
Event: 0.463 Thread 0x00000000169a8000 Exception <a 'java/security/PrivilegedActionException'> (0x00000000eb1c33a0) thrown at [D:\re\workspace\8-2-build-windows-amd64-cygwin\jdk8\1854\hotspot\src\share\vm\prims\jvm.cpp, line 1248]
Event: 0.515 Thread 0x0000000016a83800 Exception <a 'java/lang/NoSuchMethodError': setRoutingOption> (0x00000000eb24b0d0) thrown at [D:\re\workspace\8-2-build-windows-amd64-cygwin\jdk8\1854\hotspot\src\share\vm\prims\jni.cpp, line 1567]

Events (10 events):
Event: 0.521 loading class sun/awt/im/InputMethodLocator done
Event: 0.521 loading class sun/awt/im/ExecutableInputMethodManager$3
Event: 0.521 loading class sun/awt/im/ExecutableInputMethodManager$3 done
Event: 0.521 loading class java/awt/peer/LightweightPeer
Event: 0.521 loading class java/awt/peer/LightweightPeer done
Event: 0.521 loading class sun/awt/NullComponentPeer
Event: 0.521 loading class sun/awt/NullComponentPeer done
Event: 0.522 loading class sun/font/FontDesignMetrics
Event: 0.523 loading class sun/font/FontDesignMetrics done
Event: 0.523 loading class sun/font/FontDesignMetrics$MetricsKey


Dynamic libraries:
0x00007ff6884d0000 - 0x00007ff688504000 	C:\Program Files\Java\jdk1.8.0\bin\java.exe
0x00007ff92ee30000 - 0x00007ff92efda000 	C:\Windows\SYSTEM32\ntdll.dll
0x00007ff92d010000 - 0x00007ff92d14a000 	C:\Windows\system32\KERNEL32.DLL
0x00007ff92c310000 - 0x00007ff92c420000 	C:\Windows\system32\KERNELBASE.dll
0x00007ff92ace0000 - 0x00007ff92ad68000 	C:\Windows\system32\apphelp.dll
0x00007ff9230a0000 - 0x00007ff9230ef000 	C:\Windows\AppPatch\AppPatch64\AcGenral.DLL
0x00007ff92c8e0000 - 0x00007ff92c987000 	C:\Windows\system32\msvcrt.dll
0x00007ff92bf80000 - 0x00007ff92bfab000 	C:\Windows\SYSTEM32\SspiCli.dll
0x00007ff92cbe0000 - 0x00007ff92cc31000 	C:\Windows\system32\SHLWAPI.dll
0x00007ff92d350000 - 0x00007ff92d4c1000 	C:\Windows\system32\USER32.dll
0x00007ff92c760000 - 0x00007ff92c8d8000 	C:\Windows\system32\ole32.dll
0x00007ff92d760000 - 0x00007ff92eb77000 	C:\Windows\system32\SHELL32.dll
0x00007ff92b7b0000 - 0x00007ff92b7cf000 	C:\Windows\SYSTEM32\USERENV.dll
0x00007ff92d4d0000 - 0x00007ff92d575000 	C:\Windows\system32\ADVAPI32.dll
0x00007ff926850000 - 0x00007ff92686b000 	C:\Windows\SYSTEM32\MPR.dll
0x00007ff92d210000 - 0x00007ff92d346000 	C:\Windows\system32\RPCRT4.dll
0x00007ff92c9b0000 - 0x00007ff92ca07000 	C:\Windows\SYSTEM32\sechost.dll
0x00007ff92d580000 - 0x00007ff92d756000 	C:\Windows\SYSTEM32\combase.dll
0x00007ff92ca30000 - 0x00007ff92cb75000 	C:\Windows\system32\GDI32.dll
0x00007ff92c1a0000 - 0x00007ff92c1b4000 	C:\Windows\SYSTEM32\profapi.dll
0x00007ff929800000 - 0x00007ff92989f000 	C:\Windows\SYSTEM32\SHCORE.dll
0x00007ff92ed30000 - 0x00007ff92ed64000 	C:\Windows\system32\IMM32.DLL
0x00007ff92cc40000 - 0x00007ff92cd79000 	C:\Windows\system32\MSCTF.dll
0x00007ff9291a0000 - 0x00007ff9293fa000 	C:\Windows\WinSxS\amd64_microsoft.windows.common-controls_6595b64144ccf1df_6.0.9600.17031_none_6242a4b3ecbb55a1\COMCTL32.dll
0x00000000648b0000 - 0x0000000064982000 	C:\Program Files\Java\jdk1.8.0\jre\bin\msvcr100.dll
0x0000000064990000 - 0x00000000651ba000 	C:\Program Files\Java\jdk1.8.0\jre\bin\server\jvm.dll
0x00007ff926e30000 - 0x00007ff926e39000 	C:\Windows\SYSTEM32\WSOCK32.dll
0x00007ff9266d0000 - 0x00007ff9266ef000 	C:\Windows\SYSTEM32\WINMM.dll
0x00007ff92cd80000 - 0x00007ff92cd87000 	C:\Windows\system32\PSAPI.DLL
0x00007ff92edd0000 - 0x00007ff92ee28000 	C:\Windows\system32\WS2_32.dll
0x00007ff9265e0000 - 0x00007ff92660a000 	C:\Windows\SYSTEM32\WINMMBASE.dll
0x00007ff92eb80000 - 0x00007ff92eb89000 	C:\Windows\system32\NSI.dll
0x00007ff92c2c0000 - 0x00007ff92c30a000 	C:\Windows\SYSTEM32\cfgmgr32.dll
0x00007ff92b0a0000 - 0x00007ff92b0c6000 	C:\Windows\SYSTEM32\DEVOBJ.dll
0x0000000064860000 - 0x000000006486f000 	C:\Program Files\Java\jdk1.8.0\jre\bin\verify.dll
0x0000000064830000 - 0x0000000064858000 	C:\Program Files\Java\jdk1.8.0\jre\bin\java.dll
0x0000000064810000 - 0x0000000064826000 	C:\Program Files\Java\jdk1.8.0\jre\bin\zip.dll
0x0000000064630000 - 0x00000000647c6000 	C:\Program Files\Java\jdk1.8.0\jre\bin\awt.dll
0x00007ff92d150000 - 0x00007ff92d207000 	C:\Windows\system32\OLEAUT32.dll
0x00007ff92ac50000 - 0x00007ff92ac70000 	C:\Windows\system32\DWMAPI.DLL
0x00007ff92af50000 - 0x00007ff92b071000 	C:\Windows\system32\uxtheme.dll
0x00007ff92a980000 - 0x00007ff92a98a000 	C:\Windows\SYSTEM32\kernel.appcore.dll
0x00007ff92c010000 - 0x00007ff92c01a000 	C:\Windows\SYSTEM32\CRYPTBASE.dll
0x00007ff92bfb0000 - 0x00007ff92c010000 	C:\Windows\SYSTEM32\bcryptPrimitives.dll
0x0000000180000000 - 0x000000018002d000 	C:\Windows\System32\jpcap.dll
0x00000000183d0000 - 0x0000000018435000 	C:\Windows\SYSTEM32\wpcap.dll
0x00007ff928b20000 - 0x00007ff928b49000 	C:\Windows\SYSTEM32\iphlpapi.dll
0x00000000026e0000 - 0x00000000026ff000 	C:\Windows\SYSTEM32\packet.dll
0x00007ff928b10000 - 0x00007ff928b1a000 	C:\Windows\SYSTEM32\WINNSI.DLL
0x00007ff925800000 - 0x00007ff92580a000 	C:\Windows\SYSTEM32\VERSION.dll
0x00007ff9266b0000 - 0x00007ff9266c4000 	C:\Windows\SYSTEM32\dhcpcsvc6.DLL
0x00007ff928950000 - 0x00007ff928969000 	C:\Windows\SYSTEM32\dhcpcsvc.DLL
0x00000000645e0000 - 0x0000000064627000 	C:\Program Files\Java\jdk1.8.0\jre\bin\fontmanager.dll
0x00000000647f0000 - 0x000000006480a000 	C:\Program Files\Java\jdk1.8.0\jre\bin\net.dll
0x00007ff92ba00000 - 0x00007ff92ba58000 	C:\Windows\system32\mswsock.dll
0x00007ff91cff0000 - 0x00007ff91d178000 	C:\Windows\SYSTEM32\dbghelp.dll
0x00000000647d0000 - 0x00000000647e1000 	C:\Program Files\Java\jdk1.8.0\jre\bin\nio.dll
0x0000000064590000 - 0x00000000645d1000 	C:\Program Files\Java\jdk1.8.0\jre\bin\t2k.dll

VM Arguments:
jvm_args: -Dfile.encoding=UTF-8 
java_command: networkmonitor.MainIBMApplicationForm
java_class_path (initial): G:\StydY\200 & java\java Fnal\Java project\NetworkMonitor\lib\jfreechart-1.0.13.jar;G:\StydY\200 & java\java Fnal\Java project\NetworkMonitor\lib\jcommon-1.0.16.jar;G:\StydY\200 & java\java Fnal\Java project\NetworkMonitor\lib\objectdb.jar;G:\StydY\200 & java\java Fnal\Java project\NetworkMonitor\lib\New folder\jpcap-0.01.16-win32\jars\dev-classes_net.ultrametrics-0.03.jar;G:\StydY\200 & java\java Fnal\Java project\NetworkMonitor\lib\New folder\jpcap-0.01.16-win32\jars\fooware_CommandLine-1.0.jar;G:\StydY\200 & java\java Fnal\Java project\NetworkMonitor\lib\New folder\jpcap-0.01.16-win32\jars\javadoc_net.sourceforge.jpcap-0.01.16.jar;G:\StydY\200 & java\java Fnal\Java project\NetworkMonitor\lib\New folder\jpcap-0.01.16-win32\jars\net.sourceforge.jpcap-0.01.16.jar;G:\StydY\200 & java\java Fnal\Java project\NetworkMonitor\lib\jpcap.jar;G:\java\java lab final\BandwidthCalculator\lib\jpcap.jar;G:\StydY\200 & java\java Fnal\Java project\NetworkMonitor\build\classes
Launcher Type: SUN_STANDARD

Environment Variables:
PATH=C:\Windows\system32;C:\Windows;C:\Windows\System32\Wbem;C:\Windows\System32\WindowsPowerShell\v1.0\
USERNAME=Talha-pc
OS=Windows_NT
PROCESSOR_IDENTIFIER=Intel64 Family 6 Model 42 Stepping 7, GenuineIntel



---------------  S Y S T E M  ---------------

OS: Windows 8.1 , 64 bit Build 9600 

CPU:total 4 (2 cores per cpu, 2 threads per core) family 6 model 42 stepping 7, cmov, cx8, fxsr, mmx, sse, sse2, sse3, ssse3, sse4.1, sse4.2, popcnt, avx, clmul, ht, tsc, tscinvbit

Memory: 4k page, physical 4105768k(1972824k free), swap 5547564k(2563196k free)

vm_info: Java HotSpot(TM) 64-Bit Server VM (25.0-b69) for windows-amd64 JRE (1.8.0-b129), built on Feb  7 2014 12:48:41 by "java_re" with MS VC++ 10.0 (VS2010)

time: Tue Aug 04 10:58:00 2015
elapsed time: 0 seconds

